# JRE version: Java(TM) SE Runtime Environment (8.0_131-b11) (build 1.8.0_131-b11)
# Java VM: Java HotSpot(TM) 64-Bit Server VM (25.131-b11 mixed mode windows-amd64 compressed oops)
Heap:
 garbage-first heap   total 129024K, used 61707K [0x0000000780000000, 0x00000007801003f0, 0x00000007c0000000)
  region size 1024K, 13 young (13312K), 3 survivors (3072K)
 Metaspace       used 61133K, capacity 64122K, committed 64384K, reserved 1105920K
  class space    used 5922K, capacity 6910K, committed 7040K, reserved 1048576K
GC Heap History (10 events):
Event: 5174.791 GC heap before
{Heap before GC invocations=79 (full 0):
 garbage-first heap   total 129024K, used 106545K [0x0000000780000000, 0x00000007801003f0, 0x00000007c0000000)
  region size 1024K, 47 young (48128K), 7 survivors (7168K)
 Metaspace       used 60592K, capacity 63380K, committed 64000K, reserved 1105920K
  class space    used 5860K, capacity 6775K, committed 6912K, reserved 1048576K
Event: 5174.801 GC heap after
Heap after GC invocations=80 (full 0):
 garbage-first heap   total 129024K, used 63000K [0x0000000780000000, 0x00000007801003f0, 0x00000007c0000000)
  region size 1024K, 2 young (2048K), 2 survivors (2048K)
 Metaspace       used 60592K, capacity 63380K, committed 64000K, reserved 1105920K
  class space    used 5860K, capacity 6775K, committed 6912K, reserved 1048576K
}
Event: 5174.972 GC heap before
{Heap before GC invocations=81 (full 0):
 garbage-first heap   total 129024K, used 104984K [0x0000000780000000, 0x00000007801003f0, 0x00000007c0000000)
  region size 1024K, 48 young (49152K), 2 survivors (2048K)
 Metaspace       used 60577K, capacity 63350K, committed 64000K, reserved 1105920K
  class space    used 5858K, capacity 6770K, committed 6912K, reserved 1048576K
Event: 5174.977 GC heap after
Heap after GC invocations=82 (full 0):
 garbage-first heap   total 129024K, used 57169K [0x0000000780000000, 0x00000007801003f0, 0x00000007c0000000)
  region size 1024K, 2 young (2048K), 2 survivors (2048K)
 Metaspace       used 60577K, capacity 63350K, committed 64000K, reserved 1105920K
  class space    used 5858K, capacity 6770K, committed 6912K, reserved 1048576K
}
Event: 5174.996 GC heap before
{Heap before GC invocations=82 (full 0):
 garbage-first heap   total 129024K, used 61265K [0x0000000780000000, 0x00000007801003f0, 0x00000007c0000000)
  region size 1024K, 6 young (6144K), 2 survivors (2048K)
 Metaspace       used 60579K, capacity 63350K, committed 64000K, reserved 1105920K
  class space    used 5858K, capacity 6770K, committed 6912K, reserved 1048576K
Event: 5175.014 GC heap after
Heap after GC invocations=83 (full 0):
 garbage-first heap   total 129024K, used 47204K [0x0000000780000000, 0x00000007801003f0, 0x00000007c0000000)
  region size 1024K, 1 young (1024K), 1 survivors (1024K)
 Metaspace       used 60579K, capacity 63350K, committed 64000K, reserved 1105920K
  class space    used 5858K, capacity 6770K, committed 6912K, reserved 1048576K
}
Event: 5176.904 GC heap before
{Heap before GC invocations=83 (full 0):
 garbage-first heap   total 129024K, used 109668K [0x0000000780000000, 0x00000007801003f0, 0x00000007c0000000)
  region size 1024K, 62 young (63488K), 1 survivors (1024K)
 Metaspace       used 60625K, capacity 63420K, committed 64000K, reserved 1105920K
  class space    used 5858K, capacity 6771K, committed 6912K, reserved 1048576K
Event: 5176.915 GC heap after
Heap after GC invocations=84 (full 0):
 garbage-first heap   total 129024K, used 51269K [0x0000000780000000, 0x00000007801003f0, 0x00000007c0000000)
  region size 1024K, 5 young (5120K), 5 survivors (5120K)
 Metaspace       used 60625K, capacity 63420K, committed 64000K, reserved 1105920K
  class space    used 5858K, capacity 6771K, committed 6912K, reserved 1048576K
}
Event: 5507.706 GC heap before
{Heap before GC invocations=84 (full 0):
 garbage-first heap   total 129024K, used 108613K [0x0000000780000000, 0x00000007801003f0, 0x00000007c0000000)
  region size 1024K, 61 young (62464K), 5 survivors (5120K)
 Metaspace       used 60665K, capacity 63496K, committed 64000K, reserved 1105920K
  class space    used 5859K, capacity 6773K, committed 6912K, reserved 1048576K
Event: 5507.722 GC heap after
Heap after GC invocations=85 (full 0):
 garbage-first heap   total 129024K, used 52491K [0x0000000780000000, 0x00000007801003f0, 0x00000007c0000000)
  region size 1024K, 3 young (3072K), 3 survivors (3072K)
 Metaspace       used 60665K, capacity 63496K, committed 64000K, reserved 1105920K
  class space    used 5859K, capacity 6773K, committed 6912K, reserved 1048576K
}

